# JRE version: Java(TM) SE Runtime Environment (15.0.2+7) (build 15.0.2+7-27)
# Java VM: Java HotSpot(TM) 64-Bit Server VM (15.0.2+7-27, mixed mode, sharing, tiered, compressed oops, g1 gc, windows-amd64)
GC Precious Log:
 CPUs: 8 total, 8 available
 Memory: 16234M
 Large Page Support: Disabled
 NUMA Support: Disabled
 Compressed Oops: Enabled (Zero based)
 Heap Region Size: 2M
 Heap Min Capacity: 8M
 Heap Initial Capacity: 254M
 Heap Max Capacity: 4060M
 Pre-touch: Disabled
 Parallel Workers: 8
 Concurrent Workers: 2
 Concurrent Refinement Workers: 8
 Periodic GC: Disabled
Heap:
 garbage-first heap   total 55296K, used 20723K [0x0000000702400000, 0x0000000800000000)
  region size 2048K, 10 young (20480K), 5 survivors (10240K)
 Metaspace       used 23166K, capacity 23436K, committed 23676K, reserved 1069056K
  class space    used 2991K, capacity 3118K, committed 3196K, reserved 1048576K
GC Heap History (6 events):
Event: 1.083 GC heap before
{Heap before GC invocations=0 (full 0):
 garbage-first heap   total 260096K, used 22528K [0x0000000702400000, 0x0000000800000000)
  region size 2048K, 11 young (22528K), 0 survivors (0K)
 Metaspace       used 4904K, capacity 6574K, committed 6912K, reserved 1056768K
  class space    used 536K, capacity 672K, committed 768K, reserved 1048576K
}
Event: 1.086 GC heap after
{Heap after GC invocations=1 (full 0):
 garbage-first heap   total 260096K, used 3072K [0x0000000702400000, 0x0000000800000000)
  region size 2048K, 2 young (4096K), 2 survivors (4096K)
 Metaspace       used 4904K, capacity 6574K, committed 6912K, reserved 1056768K
  class space    used 536K, capacity 672K, committed 768K, reserved 1048576K
}
Event: 1.853 GC heap before
{Heap before GC invocations=1 (full 0):
 garbage-first heap   total 260096K, used 35840K [0x0000000702400000, 0x0000000800000000)
  region size 2048K, 19 young (38912K), 2 survivors (4096K)
 Metaspace       used 14447K, capacity 14645K, committed 14848K, reserved 1062912K
  class space    used 2104K, capacity 2182K, committed 2304K, reserved 1048576K
}
Event: 1.860 GC heap after
{Heap after GC invocations=2 (full 0):
 garbage-first heap   total 260096K, used 6797K [0x0000000702400000, 0x0000000800000000)
  region size 2048K, 3 young (6144K), 3 survivors (6144K)
 Metaspace       used 14447K, capacity 14645K, committed 14848K, reserved 1062912K
  class space    used 2104K, capacity 2182K, committed 2304K, reserved 1048576K
}
Event: 15.049 GC heap before
{Heap before GC invocations=2 (full 0):
 garbage-first heap   total 260096K, used 29325K [0x0000000702400000, 0x0000000800000000)
  region size 2048K, 14 young (28672K), 3 survivors (6144K)
 Metaspace       used 20955K, capacity 21226K, committed 21248K, reserved 1067008K
  class space    used 2727K, capacity 2814K, committed 2816K, reserved 1048576K
}
Event: 15.058 GC heap after
{Heap after GC invocations=3 (full 0):
 garbage-first heap   total 260096K, used 12531K [0x0000000702400000, 0x0000000800000000)
  region size 2048K, 5 young (10240K), 5 survivors (10240K)
 Metaspace       used 20955K, capacity 21226K, committed 21248K, reserved 1067008K
  class space    used 2727K, capacity 2814K, committed 2816K, reserved 1048576K
}

